[04May2025 00:00:09.667] [Server thread/INFO] [net.minecraft.server.MinecraftServer/]: [Not Secure] <crisrob> oe
[04May2025 00:00:15.515] [Server thread/INFO] [net.minecraft.server.MinecraftServer/]: [Not Secure] <davixelpro123> a
[04May2025 00:00:18.355] [Server thread/INFO] [net.minecraft.server.MinecraftServer/]: [Not Secure] <crisrob> tengo la espada pa que los endermans suelten endeperls
[04May2025 00:00:22.266] [Server thread/INFO] [net.minecraft.server.MinecraftServer/]: [Not Secure] <crisrob> osea un porcentaje mas
[04May2025 00:00:39.766] [Server thread/INFO] [net.minecraft.server.MinecraftServer/]: [Not Secure] <davixelpro123> a
[04May2025 00:00:40.875] [Server thread/INFO] [net.minecraft.server.MinecraftServer/]: [Not Secure] <davixelpro123> xd
[04May2025 00:00:47.125] [Server thread/INFO] [net.minecraft.server.MinecraftServer/]: [Not Secure] <davixelpro123> yo tengo botin 2
[04May2025 00:00:51.911] [Server thread/WARN] [net.minecraft.server.level.ServerPlayerGameMode/]: Mismatch in destroy block pos: BlockPos{x=-831, y=71, z=438} BlockPos{x=-128, y=69, z=69}
[04May2025 00:00:53.110] [Server thread/INFO] [net.minecraft.server.MinecraftServer/]: [Not Secure] <crisrob> rico
[04May2025 00:03:00.435] [Server thread/WARN] [net.minecraft.server.MinecraftServer/]: Can't keep up! Is the server overloaded? Running 2115ms or 42 ticks behind
[04May2025 00:03:34.294] [Server thread/INFO] [net.minecraft.server.MinecraftServer/]: davixelpro123 fell from a high place
[04May2025 00:03:34.296] [Server thread/WARN] [net.minecraft.server.MinecraftServer/]: Can't keep up! Is the server overloaded? Running 2026ms or 40 ticks behind
[04May2025 00:04:03.927] [Server thread/WARN] [net.minecraft.server.MinecraftServer/]: Can't keep up! Is the server overloaded? Running 2007ms or 40 ticks behind
[04May2025 00:04:33.855] [Server thread/INFO] [net.minecraft.server.MinecraftServer/]: [Not Secure] <crisrob> davi onde ta el lapiz lasuli
[04May2025 00:04:55.514] [Server thread/INFO] [net.minecraft.server.MinecraftServer/]: [Not Secure] <davixelpro123> ni yo se hace rato la intente buscar y no esta literal desaparecio
[04May2025 00:05:26.431] [Server thread/INFO] [net.minecraft.server.MinecraftServer/]: davixelpro123 has made the advancement [Crimson Prism]
[04May2025 00:05:42.331] [Server thread/WARN] [net.minecraft.server.MinecraftServer/]: Can't keep up! Is the server overloaded? Running 2011ms or 40 ticks behind
[04May2025 00:06:00.259] [Server thread/INFO] [net.minecraft.server.MinecraftServer/]: [Not Secure] <davixelpro123> ue rico lagrima de ghasrt
[04May2025 00:06:10.906] [Server thread/INFO] [net.minecraft.server.MinecraftServer/]: [Not Secure] <crisrob> pero si yo tengo 20
[04May2025 00:06:12.407] [Server thread/INFO] [net.minecraft.server.MinecraftServer/]: [Not Secure] <crisrob> xd
[04May2025 00:06:16.784] [Server thread/INFO] [net.minecraft.server.MinecraftServer/]: [Not Secure] <davixelpro123> xd
[04May2025 00:06:56.712] [Server thread/INFO] [net.minecraft.server.MinecraftServer/]: crisrob has made the advancement [Flower Power!]
[04May2025 00:06:57.753] [Server thread/INFO] [net.minecraft.server.MinecraftServer/]: crisrob has reached the goal [Is It Spring Already?]
[04May2025 00:07:34.209] [Server thread/INFO] [net.minecraft.server.MinecraftServer/]: davixelpro123 was blown up by Creeper
[04May2025 00:07:36.873] [Server thread/INFO] [net.minecraft.server.MinecraftServer/]: [Not Secure] <crisrob> asada de madera con filo 3
[04May2025 00:07:39.695] [Server thread/INFO] [net.minecraft.server.MinecraftServer/]: [Not Secure] <davixelpro123> creper de mrd
[04May2025 00:07:41.866] [Server thread/INFO] [net.minecraft.server.MinecraftServer/]: [Not Secure] <crisrob> uf demasiao potente
[04May2025 00:07:53.402] [Server thread/INFO] [net.minecraft.server.MinecraftServer/]: [Not Secure] <davixelpro123> me destruyo el portal y me mato en el nether
[04May2025 00:07:57.754] [Server thread/INFO] [net.minecraft.server.MinecraftServer/]: [Not Secure] <crisrob> y otra de madera con efi 4
[04May2025 00:08:03.754] [Server thread/INFO] [net.minecraft.server.MinecraftServer/]: [Not Secure] <crisrob> perdon 5
[04May2025 00:08:04.368] [Server thread/INFO] [net.minecraft.server.MinecraftServer/]: [Not Secure] <davixelpro123> xd
[04May2025 00:08:08.548] [Server thread/INFO] [net.minecraft.server.MinecraftServer/]: [Not Secure] <crisrob> xd
[04May2025 00:08:52.245] [Server thread/INFO] [net.minecraft.server.MinecraftServer/]: crisrob was killed
[04May2025 00:08:52.246] [Server thread/INFO] [net.minecraft.server.MinecraftServer/]: [crisrob: Killed crisrob]
[04May2025 00:09:04.388] [Server thread/INFO] [net.minecraft.server.MinecraftServer/]: [Not Secure] <crisrob> tomas
[04May2025 00:10:00.947] [Server thread/INFO] [net.minecraft.server.MinecraftServer/]: [Not Secure] <davixelpro123> me gusta cuando me da tremenda bajada de fps avecez
[04May2025 00:10:04.688] [Server thread/INFO] [net.minecraft.server.MinecraftServer/]: [Not Secure] <crisrob> xd
[04May2025 00:10:20.088] [Server thread/INFO] [net.minecraft.server.MinecraftServer/]: [Not Secure] <crisrob> mira
[04May2025 00:10:27.144] [Server thread/INFO] [net.minecraft.server.MinecraftServer/]: [Not Secure] <davixelpro123> sube
[04May2025 00:10:28.354] [Server thread/INFO] [net.minecraft.server.MinecraftServer/]: [Not Secure] <crisrob> desaparecio
[04May2025 00:10:48.887] [Server thread/INFO] [net.minecraft.server.MinecraftServer/]: [Not Secure] <crisrob> me aparecio en un cofreciro
[04May2025 00:11:15.890] [Server thread/INFO] [net.minecraft.server.MinecraftServer/]: [Not Secure] <crisrob> metiste un piglin dentro
[04May2025 00:11:18.890] [Server thread/INFO] [net.minecraft.server.MinecraftServer/]: [Not Secure] <davixelpro123> no
[04May2025 00:11:22.746] [Server thread/INFO] [net.minecraft.server.MinecraftServer/]: [Not Secure] <davixelpro123> sube
[04May2025 00:11:37.262] [Server thread/INFO] [net.minecraft.server.MinecraftServer/]: [Not Secure] <crisrob> a
[04May2025 00:11:51.238] [Server thread/WARN] [net.minecraft.server.level.ServerPlayerGameMode/]: Mismatch in destroy block pos: BlockPos{x=-834, y=74, z=427} BlockPos{x=-833, y=74, z=428}
[04May2025 00:11:51.289] [Server thread/INFO] [net.minecraft.server.MinecraftServer/]: [Not Secure] <crisrob> ahora todo tiene sentido
[04May2025 00:11:56.294] [Server thread/WARN] [net.minecraft.server.level.ServerPlayerGameMode/]: Mismatch in destroy block pos: BlockPos{x=-834, y=74, z=427} BlockPos{x=-834, y=72, z=428}
[04May2025 00:13:16.352] [Server thread/INFO] [net.minecraft.server.MinecraftServer/]: [Not Secure] <crisrob> mira
[04May2025 00:13:24.652] [Server thread/INFO] [net.minecraft.server.MinecraftServer/]: [Not Secure] <davixelpro123> xd
[04May2025 00:13:28.053] [Server thread/INFO] [net.minecraft.server.MinecraftServer/]: [Not Secure] <crisrob> poquitas
[04May2025 00:13:31.100] [Server thread/INFO] [net.minecraft.server.MinecraftServer/]: [Not Secure] <davixelpro123> ven
[04May2025 00:13:37.139] [Server thread/INFO] [net.minecraft.server.MinecraftServer/]: [Not Secure] <crisrob> mira toma
[04May2025 00:13:52.561] [Server thread/INFO] [net.minecraft.server.MinecraftServer/]: [Not Secure] <crisrob> ten
[04May2025 00:13:59.812] [Server thread/INFO] [net.minecraft.server.MinecraftServer/]: [Not Secure] <crisrob> pendejo
[04May2025 00:14:10.711] [Server thread/INFO] [net.minecraft.server.MinecraftServer/]: [Not Secure] <crisrob> bueno depue te los doy
[04May2025 00:15:36.505] [Server thread/WARN] [net.minecraft.server.level.ServerPlayerGameMode/]: Mismatch in destroy block pos: BlockPos{x=-834, y=74, z=429} BlockPos{x=-154, y=69, z=217}
[04May2025 00:16:10.604] [Server thread/INFO] [net.minecraft.server.MinecraftServer/]: davixelpro123 was killed
[04May2025 00:16:10.606] [Server thread/INFO] [net.minecraft.server.MinecraftServer/]: [davixelpro123: Killed davixelpro123]
[04May2025 00:16:16.145] [Server thread/INFO] [net.minecraft.server.MinecraftServer/]: [Not Secure] <crisrob> xd
[04May2025 00:17:31.858] [Server thread/INFO] [net.minecraft.server.MinecraftServer/]: [Not Secure] <crisrob> damelo
[04May2025 00:18:14.304] [Server thread/INFO] [net.minecraft.server.MinecraftServer/]: [Not Secure] <davixelpro123> oe cuando estabamos en el nether te tire una vagoneta
[04May2025 00:18:18.939] [Server thread/INFO] [net.minecraft.server.MinecraftServer/]: [Not Secure] <davixelpro123> la recojiste ?
[04May2025 00:18:22.087] [Server thread/INFO] [net.minecraft.server.MinecraftServer/]: [Not Secure] <crisrob> ta en el inicio
[04May2025 00:18:43.196] [Server thread/INFO] [net.minecraft.server.MinecraftServer/]: [Not Secure] <davixelpro123> onde
[04May2025 00:18:52.744] [Server thread/INFO] [net.minecraft.server.MinecraftServer/]: [Not Secure] <crisrob> puesta en el inicio
[04May2025 00:19:02.493] [Server thread/INFO] [net.minecraft.server.MinecraftServer/]: [Not Secure] <davixelpro123> donde en el inicio ?
[04May2025 00:19:05.124] [Server thread/INFO] [net.minecraft.server.MinecraftServer/]: [Not Secure] <davixelpro123> no la recojiste ?
[04May2025 00:19:12.633] [Server thread/INFO] [net.minecraft.server.MinecraftServer/]: [Not Secure] <davixelpro123> ya la vi
[04May2025 00:19:33.752] [Server thread/WARN] [net.minecraft.server.level.ServerPlayerGameMode/]: Mismatch in destroy block pos: BlockPos{x=-113, y=68, z=65} BlockPos{x=-122, y=69, z=69}
[04May2025 00:21:53.319] [Server thread/WARN] [net.minecraft.server.level.ServerPlayerGameMode/]: Mismatch in destroy block pos: BlockPos{x=-158, y=69, z=141} BlockPos{x=-158, y=69, z=186}
[04May2025 00:21:55.986] [Server thread/WARN] [net.minecraft.server.level.ServerPlayerGameMode/]: Mismatch in destroy block pos: BlockPos{x=-158, y=69, z=141} BlockPos{x=-157, y=69, z=186}
[04May2025 00:22:44.012] [Server thread/WARN] [net.minecraft.server.level.ServerPlayerGameMode/]: Mismatch in destroy block pos: BlockPos{x=-134, y=69, z=69} BlockPos{x=-139, y=69, z=69}
[04May2025 00:23:53.760] [Server thread/WARN] [net.minecraft.server.level.ServerPlayerGameMode/]: Mismatch in destroy block pos: BlockPos{x=-146, y=69, z=69} BlockPos{x=-129, y=69, z=70}
[04May2025 00:24:17.022] [Server thread/WARN] [net.minecraft.server.MinecraftServer/]: Can't keep up! Is the server overloaded? Running 2102ms or 42 ticks behind
[04May2025 00:24:41.070] [Server thread/WARN] [net.minecraft.server.MinecraftServer/]: Can't keep up! Is the server overloaded? Running 9050ms or 181 ticks behind
[04May2025 00:26:34.436] [Server thread/WARN] [net.minecraft.server.level.ServerPlayerGameMode/]: Mismatch in destroy block pos: BlockPos{x=-1266, y=73, z=1761} BlockPos{x=-1269, y=60, z=1759}
[04May2025 00:27:39.539] [Server thread/WARN] [net.minecraft.server.MinecraftServer/]: Can't keep up! Is the server overloaded? Running 2019ms or 40 ticks behind
[04May2025 00:28:20.516] [Server thread/INFO] [net.minecraft.server.MinecraftServer/]: [Not Secure] <davixelpro123> oe
[04May2025 00:28:23.114] [Server thread/INFO] [net.minecraft.server.MinecraftServer/]: [Not Secure] <crisrob> que
[04May2025 00:28:35.198] [Server thread/INFO] [net.minecraft.server.MinecraftServer/]: [Not Secure] <davixelpro123> estay en la home ?
[04May2025 00:28:38.545] [Server thread/INFO] [net.minecraft.server.MinecraftServer/]: [Not Secure] <crisrob> yes
[04May2025 00:28:49.555] [Server thread/INFO] [net.minecraft.server.MinecraftServer/]: [Not Secure] <davixelpro123> ven al portal
[04May2025 00:28:59.695] [Server thread/INFO] [net.minecraft.server.MinecraftServer/]: [Not Secure] <davixelpro123> ven
[04May2025 00:29:14.463] [Server thread/WARN] [net.minecraft.server.level.ServerPlayerGameMode/]: Mismatch in destroy block pos: BlockPos{x=-1267, y=73, z=1760} BlockPos{x=-121, y=69, z=69}
[04May2025 00:29:19.285] [Server thread/INFO] [net.minecraft.server.MinecraftServer/]: [Not Secure] <davixelpro123> subete
[04May2025 00:30:00.882] [Server thread/INFO] [net.minecraft.server.MinecraftServer/]: [Not Secure] <davixelpro123> por aqui
[04May2025 00:30:28.548] [Server thread/INFO] [net.minecraft.server.MinecraftServer/]: crisrob has made the advancement [Eye Spy]
[04May2025 00:30:54.334] [Server thread/INFO] [net.minecraft.server.MinecraftServer/]: davixelpro123 was slain by Vindicator
[04May2025 00:31:01.113] [Server thread/INFO] [net.minecraft.server.MinecraftServer/]: [davixelpro123: Teleported davixelpro123 to crisrob]
[04May2025 00:31:10.450] [Server thread/INFO] [net.minecraft.server.MinecraftServer/]: crisrob was slain by davixelpro123
[04May2025 00:31:15.221] [Server thread/INFO] [net.minecraft.server.MinecraftServer/]: [Not Secure] <davixelpro123> xd
[04May2025 00:31:16.584] [Server thread/INFO] [net.minecraft.server.MinecraftServer/]: [Not Secure] <crisrob> muchas gracias
[04May2025 00:31:20.560] [Server thread/INFO] [net.minecraft.server.MinecraftServer/]: davixelpro123 was slain by Vindicator
[04May2025 00:31:21.167] [Server thread/INFO] [net.minecraft.server.MinecraftServer/]: [crisrob: Teleported crisrob to davixelpro123]
[04May2025 00:31:26.889] [Server thread/INFO] [net.minecraft.server.MinecraftServer/]: [davixelpro123: Teleported davixelpro123 to crisrob]
[04May2025 00:31:31.348] [Server thread/INFO] [net.minecraft.server.MinecraftServer/]: davixelpro123 was slain by Vindicator
[04May2025 00:31:34.415] [Server thread/INFO] [net.minecraft.server.MinecraftServer/]: [davixelpro123: Teleported davixelpro123 to crisrob]
[04May2025 00:31:40.919] [Server thread/INFO] [net.minecraft.server.MinecraftServer/]: davixelpro123 was slain by Vex
[04May2025 00:31:51.976] [Server thread/INFO] [net.minecraft.server.MinecraftServer/]: crisrob was slain by Vex
[04May2025 00:31:55.201] [Server thread/INFO] [net.minecraft.server.MinecraftServer/]: [crisrob: Teleported crisrob to davixelpro123]
[04May2025 00:31:58.429] [Server thread/INFO] [net.minecraft.server.MinecraftServer/]: [davixelpro123: Teleported davixelpro123 to crisrob]
[04May2025 00:32:06.841] [Server thread/INFO] [net.minecraft.server.MinecraftServer/]: davixelpro123 was slain by Vindicator
[04May2025 00:32:10.426] [Server thread/INFO] [net.minecraft.server.MinecraftServer/]: [davixelpro123: Teleported davixelpro123 to crisrob]
[04May2025 00:32:23.202] [Server thread/INFO] [net.minecraft.server.MinecraftServer/]: davixelpro123 was slain by Vex
[04May2025 00:32:27.368] [Server thread/INFO] [net.minecraft.server.MinecraftServer/]: [davixelpro123: Teleported davixelpro123 to crisrob]
[04May2025 00:33:04.249] [Server thread/INFO] [net.minecraft.server.MinecraftServer/]: davixelpro123 was shot by Illusioner
[04May2025 00:33:09.424] [Server thread/INFO] [net.minecraft.server.MinecraftServer/]: [davixelpro123: Teleported davixelpro123 to crisrob]
[04May2025 00:33:15.999] [Server thread/INFO] [net.minecraft.server.MinecraftServer/]: davixelpro123 has made the advancement [Robbing the Fortress]
[04May2025 00:33:27.008] [Server thread/INFO] [net.minecraft.server.MinecraftServer/]: [Not Secure] <davixelpro123> por aca no e
[04May2025 00:34:37.447] [Server thread/INFO] [net.minecraft.server.MinecraftServer/]: davixelpro123 was shot by Illusioner
[04May2025 00:34:40.947] [Server thread/INFO] [net.minecraft.server.MinecraftServer/]: crisrob was slain by Vindicator
[04May2025 00:34:41.741] [Server thread/INFO] [net.minecraft.server.MinecraftServer/]: [Not Secure] <davixelpro123> por aca no e
[04May2025 00:34:43.356] [Server thread/INFO] [net.minecraft.server.MinecraftServer/]: [davixelpro123: Teleported davixelpro123 to crisrob]
[04May2025 00:34:45.559] [Server thread/INFO] [net.minecraft.server.MinecraftServer/]: davixelpro123 was slain by Vindicator
[04May2025 00:34:47.195] [Server thread/INFO] [net.minecraft.server.MinecraftServer/]: [crisrob: Teleported crisrob to davixelpro123]
[04May2025 00:34:50.206] [Server thread/INFO] [net.minecraft.server.MinecraftServer/]: [davixelpro123: Teleported davixelpro123 to crisrob]
[04May2025 00:34:52.788] [Server thread/INFO] [net.minecraft.server.MinecraftServer/]: davixelpro123 was slain by Vindicator
[04May2025 00:34:56.710] [Server thread/INFO] [net.minecraft.server.MinecraftServer/]: crisrob was slain by Vex
[04May2025 00:34:56.978] [Server thread/INFO] [net.minecraft.server.MinecraftServer/]: [davixelpro123: Teleported davixelpro123 to crisrob]
[04May2025 00:35:00.538] [Server thread/INFO] [net.minecraft.server.MinecraftServer/]: [crisrob: Teleported crisrob to davixelpro123]
[04May2025 00:35:00.970] [Server thread/INFO] [net.minecraft.server.MinecraftServer/]: davixelpro123 was shot by Pillager
[04May2025 00:35:03.675] [Server thread/INFO] [net.minecraft.server.MinecraftServer/]: [davixelpro123: Teleported davixelpro123 to crisrob]
